{"name": "Login using valid credentials", "status": "broken", "statusDetails": {"message": "selenium.common.exceptions.ElementClickInterceptedException: Message: element click intercepted: Element <button type=\"submit\" data-qa=\"login-button\" class=\"btn btn-default\">...</button> is not clickable at point (202, 433). Other element would receive the click: <iframe id=\"aswift_1\" name=\"aswift_1\" browsingtopics=\"true\" style=\"min-height: auto; max-height: none; min-width: auto; max-width: none; width: 1005px !important; height: 124px !important; display: block; margin: 0px auto;\" sandbox=\"allow-forms allow-popups allow-popups-to-escape-sandbox allow-same-origin allow-scripts allow-top-navigation-by-user-activation\" width=\"1005\" height=\"124\" frameborder=\"0\" marginwidth=\"0\" marginheight=\"0\" vspace=\"0\" hspace=\"0\" allowtransparency=\"true\" scrolling=\"no\" allow=\"attribution-reporting; run-ad-auction\" src=\"https://googleads.g.doubleclick.net/pagead/html/r20251110/r20190131/zrt_lookup_fy2021.html#RS-0-&amp;adk=1812271801&amp;client=ca-pub-1677597403311019&amp;fa=1&amp;ifi=2&amp;uci=a!2&amp;btvi=1\" data-google-container-id=\"a!2\" tabindex=\"0\" title=\"Advertisement\" aria-label=\"Advertisement\" data-google-query-id=\"CN6Gx6jC7JADFRaJ2AUdLsoDTQ\" data-load-complete=\"true\"></iframe>\n  (Session info: chrome=142.0.7444.60)\nStacktrace:\nSymbols not available. Dumping unresolved backtrace:\n\t0x7ff7621fa235\n\t0x7ff761f52650\n\t0x7ff761ce16dd\n\t0x7ff761d424c9\n\t0x7ff761d3fe4e\n\t0x7ff761d3cd71\n\t0x7ff761d3bc10\n\t0x7ff761d2d3a8\n\t0x7ff761d62b0a\n\t0x7ff761d2cc36\n\t0x7ff761d8baba\n\t0x7ff761d2b0ed\n\t0x7ff761d2bf63\n\t0x7ff762225d60\n\t0x7ff76221fe8a\n\t0x7ff762241005\n\t0x7ff761f6d73e\n\t0x7ff761f74e3f\n\t0x7ff761f5b7e4\n\t0x7ff761f5b99f\n\t0x7ff761f41908\n\t0x7ffb39027374\n\t0x7ffb39b7cc91\n\n", "trace": "  File \"C:\\Users\\Jagadeesh Royal\\AppData\\Local\\Programs\\Python\\Python312\\Lib\\site-packages\\behave\\model.py\", line 1329, in run\n    match.run(runner.context)\n  File \"C:\\Users\\Jagadeesh Royal\\AppData\\Local\\Programs\\Python\\Python312\\Lib\\site-packages\\behave\\matchers.py\", line 98, in run\n    self.func(context, *args, **kwargs)\n  File \"features\\steps\\login_valid_steps.py\", line 8, in step_impl\n    login.login(email, password)\n  File \"C:\\Users\\Jagadeesh Royal\\Desktop\\Selenium_shopping\\pages\\Loginpage.py\", line 16, in login\n    self.driver.find_element(*self.login_button).click()\n  File \"C:\\Users\\Jagadeesh Royal\\AppData\\Local\\Programs\\Python\\Python312\\Lib\\site-packages\\selenium\\webdriver\\remote\\webelement.py\", line 119, in click\n    self._execute(Command.CLICK_ELEMENT)\n  File \"C:\\Users\\Jagadeesh Royal\\AppData\\Local\\Programs\\Python\\Python312\\Lib\\site-packages\\selenium\\webdriver\\remote\\webelement.py\", line 572, in _execute\n    return self._parent.execute(command, params)\n           ^^^^^^^^^^^^^^^^^^^^^^^^^^^^^^^^^^^^^\n  File \"C:\\Users\\Jagadeesh Royal\\AppData\\Local\\Programs\\Python\\Python312\\Lib\\site-packages\\selenium\\webdriver\\remote\\webdriver.py\", line 429, in execute\n    self.error_handler.check_response(response)\n  File \"C:\\Users\\Jagadeesh Royal\\AppData\\Local\\Programs\\Python\\Python312\\Lib\\site-packages\\selenium\\webdriver\\remote\\errorhandler.py\", line 232, in check_response\n    raise exception_class(message, screen, stacktrace)\n"}, "steps": [{"name": "Given user is on home page", "status": "passed", "start": 1762947250098, "stop": 1762947256362}, {"name": "When user clicks on Signup/Login link", "status": "passed", "start": 1762947256362, "stop": 1762947258738}, {"name": "And enters valid email \"chinna@test.com\" and password \"Test@123\"", "status": "broken", "statusDetails": {"message": "selenium.common.exceptions.ElementClickInterceptedException: Message: element click intercepted: Element <button type=\"submit\" data-qa=\"login-button\" class=\"btn btn-default\">...</button> is not clickable at point (202, 433). Other element would receive the click: <iframe id=\"aswift_1\" name=\"aswift_1\" browsingtopics=\"true\" style=\"min-height: auto; max-height: none; min-width: auto; max-width: none; width: 1005px !important; height: 124px !important; display: block; margin: 0px auto;\" sandbox=\"allow-forms allow-popups allow-popups-to-escape-sandbox allow-same-origin allow-scripts allow-top-navigation-by-user-activation\" width=\"1005\" height=\"124\" frameborder=\"0\" marginwidth=\"0\" marginheight=\"0\" vspace=\"0\" hspace=\"0\" allowtransparency=\"true\" scrolling=\"no\" allow=\"attribution-reporting; run-ad-auction\" src=\"https://googleads.g.doubleclick.net/pagead/html/r20251110/r20190131/zrt_lookup_fy2021.html#RS-0-&amp;adk=1812271801&amp;client=ca-pub-1677597403311019&amp;fa=1&amp;ifi=2&amp;uci=a!2&amp;btvi=1\" data-google-container-id=\"a!2\" tabindex=\"0\" title=\"Advertisement\" aria-label=\"Advertisement\" data-google-query-id=\"CN6Gx6jC7JADFRaJ2AUdLsoDTQ\" data-load-complete=\"true\"></iframe>\n  (Session info: chrome=142.0.7444.60)\nStacktrace:\nSymbols not available. Dumping unresolved backtrace:\n\t0x7ff7621fa235\n\t0x7ff761f52650\n\t0x7ff761ce16dd\n\t0x7ff761d424c9\n\t0x7ff761d3fe4e\n\t0x7ff761d3cd71\n\t0x7ff761d3bc10\n\t0x7ff761d2d3a8\n\t0x7ff761d62b0a\n\t0x7ff761d2cc36\n\t0x7ff761d8baba\n\t0x7ff761d2b0ed\n\t0x7ff761d2bf63\n\t0x7ff762225d60\n\t0x7ff76221fe8a\n\t0x7ff762241005\n\t0x7ff761f6d73e\n\t0x7ff761f74e3f\n\t0x7ff761f5b7e4\n\t0x7ff761f5b99f\n\t0x7ff761f41908\n\t0x7ffb39027374\n\t0x7ffb39b7cc91\n\n", "trace": "  File \"C:\\Users\\Jagadeesh Royal\\AppData\\Local\\Programs\\Python\\Python312\\Lib\\site-packages\\behave\\model.py\", line 1329, in run\n    match.run(runner.context)\n  File \"C:\\Users\\Jagadeesh Royal\\AppData\\Local\\Programs\\Python\\Python312\\Lib\\site-packages\\behave\\matchers.py\", line 98, in run\n    self.func(context, *args, **kwargs)\n  File \"features\\steps\\login_valid_steps.py\", line 8, in step_impl\n    login.login(email, password)\n  File \"C:\\Users\\Jagadeesh Royal\\Desktop\\Selenium_shopping\\pages\\Loginpage.py\", line 16, in login\n    self.driver.find_element(*self.login_button).click()\n  File \"C:\\Users\\Jagadeesh Royal\\AppData\\Local\\Programs\\Python\\Python312\\Lib\\site-packages\\selenium\\webdriver\\remote\\webelement.py\", line 119, in click\n    self._execute(Command.CLICK_ELEMENT)\n  File \"C:\\Users\\Jagadeesh Royal\\AppData\\Local\\Programs\\Python\\Python312\\Lib\\site-packages\\selenium\\webdriver\\remote\\webelement.py\", line 572, in _execute\n    return self._parent.execute(command, params)\n           ^^^^^^^^^^^^^^^^^^^^^^^^^^^^^^^^^^^^^\n  File \"C:\\Users\\Jagadeesh Royal\\AppData\\Local\\Programs\\Python\\Python312\\Lib\\site-packages\\selenium\\webdriver\\remote\\webdriver.py\", line 429, in execute\n    self.error_handler.check_response(response)\n  File \"C:\\Users\\Jagadeesh Royal\\AppData\\Local\\Programs\\Python\\Python312\\Lib\\site-packages\\selenium\\webdriver\\remote\\errorhandler.py\", line 232, in check_response\n    raise exception_class(message, screen, stacktrace)\n"}, "start": 1762947258739, "stop": 1762947266761}, {"name": "Then \"Logged in as chinna\" should be visible", "status": "skipped", "start": 1762947269177, "stop": 1762947269177}], "start": 1762947235741, "stop": 1762947269177, "uuid": "d5712edd-3a3c-4473-87b6-45269fe4153d", "historyId": "eefca8328f9b034cd39ad5f076a65755", "fullName": "Verify Login with Valid Credentials: Login using valid credentials", "labels": [{"name": "severity", "value": "normal"}, {"name": "feature", "value": "Verify Login with Valid Credentials"}, {"name": "framework", "value": "behave"}, {"name": "language", "value": "cpython3"}]}