{"name": "Login with invalid credentials", "status": "broken", "statusDetails": {"message": "selenium.common.exceptions.ElementClickInterceptedException: Message: element click intercepted: Element <button type=\"submit\" data-qa=\"login-button\" class=\"btn btn-default\">...</button> is not clickable at point (202, 433). Other element would receive the click: <iframe id=\"aswift_2\" name=\"aswift_2\" browsingtopics=\"true\" style=\"min-height: auto; max-height: none; min-width: auto; max-width: none; width: 1005px !important; height: 124px !important; display: block; margin: 0px auto;\" sandbox=\"allow-forms allow-popups allow-popups-to-escape-sandbox allow-same-origin allow-scripts allow-top-navigation-by-user-activation\" width=\"1005\" height=\"124\" frameborder=\"0\" marginwidth=\"0\" marginheight=\"0\" vspace=\"0\" hspace=\"0\" allowtransparency=\"true\" scrolling=\"no\" allow=\"attribution-reporting; run-ad-auction\" src=\"https://googleads.g.doubleclick.net/pagead/html/r20251110/r20190131/zrt_lookup_fy2021.html#RS-0-&amp;adk=1812271801&amp;client=ca-pub-1677597403311019&amp;fa=1&amp;ifi=3&amp;uci=a!3&amp;btvi=2\" data-google-container-id=\"a!3\" tabindex=\"0\" title=\"Advertisement\" aria-label=\"Advertisement\" data-google-query-id=\"COLY25rC7JADFUoBgwMdFNg07A\" data-load-complete=\"true\"></iframe>\n  (Session info: chrome=142.0.7444.60)\nStacktrace:\nSymbols not available. Dumping unresolved backtrace:\n\t0x7ff7621fa235\n\t0x7ff761f52650\n\t0x7ff761ce16dd\n\t0x7ff761d424c9\n\t0x7ff761d3fe4e\n\t0x7ff761d3cd71\n\t0x7ff761d3bc10\n\t0x7ff761d2d3a8\n\t0x7ff761d62b0a\n\t0x7ff761d2cc36\n\t0x7ff761d8baba\n\t0x7ff761d2b0ed\n\t0x7ff761d2bf63\n\t0x7ff762225d60\n\t0x7ff76221fe8a\n\t0x7ff762241005\n\t0x7ff761f6d73e\n\t0x7ff761f74e3f\n\t0x7ff761f5b7e4\n\t0x7ff761f5b99f\n\t0x7ff761f41908\n\t0x7ffb39027374\n\t0x7ffb39b7cc91\n\n", "trace": "  File \"C:\\Users\\Jagadeesh Royal\\AppData\\Local\\Programs\\Python\\Python312\\Lib\\site-packages\\behave\\model.py\", line 1329, in run\n    match.run(runner.context)\n  File \"C:\\Users\\Jagadeesh Royal\\AppData\\Local\\Programs\\Python\\Python312\\Lib\\site-packages\\behave\\matchers.py\", line 98, in run\n    self.func(context, *args, **kwargs)\n  File \"features\\steps\\login_invalid_steps.py\", line 8, in step_impl\n    login.login(email, password)\n  File \"C:\\Users\\Jagadeesh Royal\\Desktop\\Selenium_shopping\\pages\\Loginpage.py\", line 16, in login\n    self.driver.find_element(*self.login_button).click()\n  File \"C:\\Users\\Jagadeesh Royal\\AppData\\Local\\Programs\\Python\\Python312\\Lib\\site-packages\\selenium\\webdriver\\remote\\webelement.py\", line 119, in click\n    self._execute(Command.CLICK_ELEMENT)\n  File \"C:\\Users\\Jagadeesh Royal\\AppData\\Local\\Programs\\Python\\Python312\\Lib\\site-packages\\selenium\\webdriver\\remote\\webelement.py\", line 572, in _execute\n    return self._parent.execute(command, params)\n           ^^^^^^^^^^^^^^^^^^^^^^^^^^^^^^^^^^^^^\n  File \"C:\\Users\\Jagadeesh Royal\\AppData\\Local\\Programs\\Python\\Python312\\Lib\\site-packages\\selenium\\webdriver\\remote\\webdriver.py\", line 429, in execute\n    self.error_handler.check_response(response)\n  File \"C:\\Users\\Jagadeesh Royal\\AppData\\Local\\Programs\\Python\\Python312\\Lib\\site-packages\\selenium\\webdriver\\remote\\errorhandler.py\", line 232, in check_response\n    raise exception_class(message, screen, stacktrace)\n"}, "steps": [{"name": "Given user is on home page", "status": "passed", "start": 1762947219034, "stop": 1762947227652}, {"name": "When user clicks on Signup/Login link", "status": "passed", "start": 1762947227652, "stop": 1762947229658}, {"name": "And enters invalid email \"chinnaa@test.com\" and password \"Test@123\"", "status": "broken", "statusDetails": {"message": "selenium.common.exceptions.ElementClickInterceptedException: Message: element click intercepted: Element <button type=\"submit\" data-qa=\"login-button\" class=\"btn btn-default\">...</button> is not clickable at point (202, 433). Other element would receive the click: <iframe id=\"aswift_2\" name=\"aswift_2\" browsingtopics=\"true\" style=\"min-height: auto; max-height: none; min-width: auto; max-width: none; width: 1005px !important; height: 124px !important; display: block; margin: 0px auto;\" sandbox=\"allow-forms allow-popups allow-popups-to-escape-sandbox allow-same-origin allow-scripts allow-top-navigation-by-user-activation\" width=\"1005\" height=\"124\" frameborder=\"0\" marginwidth=\"0\" marginheight=\"0\" vspace=\"0\" hspace=\"0\" allowtransparency=\"true\" scrolling=\"no\" allow=\"attribution-reporting; run-ad-auction\" src=\"https://googleads.g.doubleclick.net/pagead/html/r20251110/r20190131/zrt_lookup_fy2021.html#RS-0-&amp;adk=1812271801&amp;client=ca-pub-1677597403311019&amp;fa=1&amp;ifi=3&amp;uci=a!3&amp;btvi=2\" data-google-container-id=\"a!3\" tabindex=\"0\" title=\"Advertisement\" aria-label=\"Advertisement\" data-google-query-id=\"COLY25rC7JADFUoBgwMdFNg07A\" data-load-complete=\"true\"></iframe>\n  (Session info: chrome=142.0.7444.60)\nStacktrace:\nSymbols not available. Dumping unresolved backtrace:\n\t0x7ff7621fa235\n\t0x7ff761f52650\n\t0x7ff761ce16dd\n\t0x7ff761d424c9\n\t0x7ff761d3fe4e\n\t0x7ff761d3cd71\n\t0x7ff761d3bc10\n\t0x7ff761d2d3a8\n\t0x7ff761d62b0a\n\t0x7ff761d2cc36\n\t0x7ff761d8baba\n\t0x7ff761d2b0ed\n\t0x7ff761d2bf63\n\t0x7ff762225d60\n\t0x7ff76221fe8a\n\t0x7ff762241005\n\t0x7ff761f6d73e\n\t0x7ff761f74e3f\n\t0x7ff761f5b7e4\n\t0x7ff761f5b99f\n\t0x7ff761f41908\n\t0x7ffb39027374\n\t0x7ffb39b7cc91\n\n", "trace": "  File \"C:\\Users\\Jagadeesh Royal\\AppData\\Local\\Programs\\Python\\Python312\\Lib\\site-packages\\behave\\model.py\", line 1329, in run\n    match.run(runner.context)\n  File \"C:\\Users\\Jagadeesh Royal\\AppData\\Local\\Programs\\Python\\Python312\\Lib\\site-packages\\behave\\matchers.py\", line 98, in run\n    self.func(context, *args, **kwargs)\n  File \"features\\steps\\login_invalid_steps.py\", line 8, in step_impl\n    login.login(email, password)\n  File \"C:\\Users\\Jagadeesh Royal\\Desktop\\Selenium_shopping\\pages\\Loginpage.py\", line 16, in login\n    self.driver.find_element(*self.login_button).click()\n  File \"C:\\Users\\Jagadeesh Royal\\AppData\\Local\\Programs\\Python\\Python312\\Lib\\site-packages\\selenium\\webdriver\\remote\\webelement.py\", line 119, in click\n    self._execute(Command.CLICK_ELEMENT)\n  File \"C:\\Users\\Jagadeesh Royal\\AppData\\Local\\Programs\\Python\\Python312\\Lib\\site-packages\\selenium\\webdriver\\remote\\webelement.py\", line 572, in _execute\n    return self._parent.execute(command, params)\n           ^^^^^^^^^^^^^^^^^^^^^^^^^^^^^^^^^^^^^\n  File \"C:\\Users\\Jagadeesh Royal\\AppData\\Local\\Programs\\Python\\Python312\\Lib\\site-packages\\selenium\\webdriver\\remote\\webdriver.py\", line 429, in execute\n    self.error_handler.check_response(response)\n  File \"C:\\Users\\Jagadeesh Royal\\AppData\\Local\\Programs\\Python\\Python312\\Lib\\site-packages\\selenium\\webdriver\\remote\\errorhandler.py\", line 232, in check_response\n    raise exception_class(message, screen, stacktrace)\n"}, "start": 1762947229658, "stop": 1762947233246}, {"name": "Then \"Your email or password is incorrect!\" should be displayed", "status": "skipped", "start": 1762947235734, "stop": 1762947235734}], "start": 1762947212980, "stop": 1762947235735, "uuid": "6b0c4c00-f78c-4f44-a7f8-8c3e25518cee", "historyId": "2c4dd2f1469c9739cec32f83200c5d8e", "fullName": "Verify login with Invalid Credentials: Login with invalid credentials", "labels": [{"name": "severity", "value": "normal"}, {"name": "feature", "value": "Verify login with Invalid Credentials"}, {"name": "framework", "value": "behave"}, {"name": "language", "value": "cpython3"}]}